INFO - My first message.
INFO - Super REP Bank Simulator 
Status: UP and Waiting for Messages 

INFO - Super REP Bank Simulator 21-02-2013 10:40:52.000000
Status: UP and Waiting for Messages 

INFO - Super REP Bank Simulator 21-02-2013 10:41:30.000000
Status: UP and Waiting for Messages 

ERROR - Cannot bind address, port already use?
INFO - Super REP Bank Simulator 21-02-2013 10:44:55.000000
Status: UP and Waiting for Messages 

INFO - Super REP Bank Simulator 21-02-2013 10:45:24.000000
Status: UP and Waiting for Messages 

INFO - =================== Socket Open =================== 21-02-2013 10:46:08.000000

INFO - <- Receive -> 
<MESSAGE TYPE='300' BANKID='BDP' CORRELATIONID='20110125176205'><CLIENT ID='00109195438' TYPE='CEDULA' TELEPHONE='8295995979' GCSSEQUENCE='085963' TOKEN='000000000000000000000000'/>
<TRANSACTION ACCOUNT='************8775' DATE='25012011' TIME='014256'/></MESSAGE>


INFO - <- Send -> 
<?xml version="1.0"?>
<MESSAGE TYPE="310" BANKID="BDP" CORRELATIONID="20110125176205"><CLIENT ID="00109195438" TYPE="CEDULA" TELEPHONE="8295995979" GCSSEQUENCE="085963" TOKEN="000000000000000000000000"/>
<TRANSACTION ACCOUNT="************8775" DATE="25012011" TIME="014256" NAME="RHONNY ESTEVEZ" TYPE="SAV" CURRENCY="DOP" VALID-THRU="" RESPONSECODE="0000" BPSEQUENCE="168401"/></MESSAGE>

INFO - =================== Socket Close ================== 21-02-2013 10:46:08.000000

INFO - =================== Socket Open =================== 21-02-2013 10:46:51.000000

INFO - <- Receive -> 
asdfasdfasdf


WARN - Message not created !!!

INFO - =================== Socket Close ================== 21-02-2013 10:46:51.000000

INFO - =================== Socket Open =================== 21-02-2013 10:47:22.000000

INFO - <- Receive -> 
<MESSAGE TYPE='300' BANKID='BDP' CORRELATIONID='20110125176205'><CLIENT ID='00109195438' TYPE='CEDULA' TELEPHONE='8295995979' GCSSEQUENCE='085963' TOKEN='000000000000000000000000'/>
<TRANSACTION ACCOUNT='************8775' DATE='25012011' TIME='014256'/></MESSAGE>


INFO - <- Send -> 
<?xml version="1.0"?>
<MESSAGE TYPE="310" BANKID="BDP" CORRELATIONID="20110125176205"><CLIENT ID="00109195438" TYPE="CEDULA" TELEPHONE="8295995979" GCSSEQUENCE="085963" TOKEN="000000000000000000000000"/>
<TRANSACTION ACCOUNT="************8775" DATE="25012011" TIME="014256" NAME="RHONNY ESTEVEZ" TYPE="SAV" CURRENCY="DOP" VALID-THRU="" RESPONSECODE="0000" BPSEQUENCE="438532"/></MESSAGE>

INFO - =================== Socket Close ================== 21-02-2013 10:47:22.000000

INFO - Super REP Bank Simulator 21-02-2013 10:58:58.000000
Status: UP and Waiting for Messages 

INFO - =================== Socket Open =================== 21-02-2013 10:59:15.000000

INFO - <- Receive -> 
<MESSAGE TYPE='300' BANKID='BDP' CORRELATIONID='20110125176205'><CLIENT ID='00109195438' TYPE='CEDULA' TELEPHONE='8295995979' GCSSEQUENCE='085963' TOKEN='000000000000000000000000'/>
<TRANSACTION ACCOUNT='************8775' DATE='25012011' TIME='014256'/></MESSAGE>


INFO - <- Send -> 
<?xml version="1.0"?>
<MESSAGE TYPE="310" BANKID="BDP" CORRELATIONID="20110125176205"><CLIENT ID="00109195438" TYPE="CEDULA" TELEPHONE="8295995979" GCSSEQUENCE="085963" TOKEN="000000000000000000000000"/>
<TRANSACTION ACCOUNT="************8775" DATE="25012011" TIME="014256" NAME="RHONNY ESTEVEZ" TYPE="SAV" CURRENCY="DOP" VALID-THRU="" RESPONSECODE="0000" BPSEQUENCE="753324"/></MESSAGE>

INFO - =================== Socket Close ================== 21-02-2013 10:59:15.000000

INFO - =================== Socket Open =================== 21-02-2013 10:59:22.000000

INFO - <- Receive -> 
<MESSAGE TYPE='300' BANKID='BDP' CORRELATIONID='20110125176205'><CLIENT ID='00109195438' TYPE='CEDULA' TELEPHONE='8295995979' GCSSEQUENCE='085963' TOKEN='000000000000000000000000'/>
<TRANSACTION ACCOUNT='************8775' DATE='25012011' TIME='014256'/></MESSAGE>


INFO - <- Send -> 
<?xml version="1.0"?>
<MESSAGE TYPE="310" BANKID="BDP" CORRELATIONID="20110125176205"><CLIENT ID="00109195438" TYPE="CEDULA" TELEPHONE="8295995979" GCSSEQUENCE="085963" TOKEN="000000000000000000000000"/>
<TRANSACTION ACCOUNT="************8775" DATE="25012011" TIME="014256" NAME="RHONNY ESTEVEZ" TYPE="SAV" CURRENCY="DOP" VALID-THRU="" RESPONSECODE="0000" BPSEQUENCE="185249"/></MESSAGE>

INFO - =================== Socket Close ================== 21-02-2013 10:59:22.000000

INFO - =================== Socket Open =================== 21-02-2013 10:59:22.000000

INFO - <- Receive -> 
<MESSAGE TYPE='300' BANKID='BDP' CORRELATIONID='20110125176205'><CLIENT ID='00109195438' TYPE='CEDULA' TELEPHONE='8295995979' GCSSEQUENCE='085963' TOKEN='000000000000000000000000'/>
<TRANSACTION ACCOUNT='************8775' DATE='25012011' TIME='014256'/></MESSAGE>


INFO - <- Send -> 
<?xml version="1.0"?>
<MESSAGE TYPE="310" BANKID="BDP" CORRELATIONID="20110125176205"><CLIENT ID="00109195438" TYPE="CEDULA" TELEPHONE="8295995979" GCSSEQUENCE="085963" TOKEN="000000000000000000000000"/>
<TRANSACTION ACCOUNT="************8775" DATE="25012011" TIME="014256" NAME="RHONNY ESTEVEZ" TYPE="SAV" CURRENCY="DOP" VALID-THRU="" RESPONSECODE="0000" BPSEQUENCE="402890"/></MESSAGE>

INFO - =================== Socket Close ================== 21-02-2013 10:59:22.000000

INFO - =================== Socket Open =================== 21-02-2013 10:59:22.000000

INFO - <- Receive -> 
<MESSAGE TYPE='300' BANKID='BDP' CORRELATIONID='20110125176205'><CLIENT ID='00109195438' TYPE='CEDULA' TELEPHONE='8295995979' GCSSEQUENCE='085963' TOKEN='000000000000000000000000'/>
<TRANSACTION ACCOUNT='************8775' DATE='25012011' TIME='014256'/></MESSAGE>


INFO - <- Send -> 
<?xml version="1.0"?>
<MESSAGE TYPE="310" BANKID="BDP" CORRELATIONID="20110125176205"><CLIENT ID="00109195438" TYPE="CEDULA" TELEPHONE="8295995979" GCSSEQUENCE="085963" TOKEN="000000000000000000000000"/>
<TRANSACTION ACCOUNT="************8775" DATE="25012011" TIME="014256" NAME="RHONNY ESTEVEZ" TYPE="SAV" CURRENCY="DOP" VALID-THRU="" RESPONSECODE="0000" BPSEQUENCE="241185"/></MESSAGE>

INFO - =================== Socket Close ================== 21-02-2013 10:59:22.000000

INFO - =================== Socket Open =================== 21-02-2013 10:59:23.000000

INFO - <- Receive -> 
<MESSAGE TYPE='300' BANKID='BDP' CORRELATIONID='20110125176205'><CLIENT ID='00109195438' TYPE='CEDULA' TELEPHONE='8295995979' GCSSEQUENCE='085963' TOKEN='000000000000000000000000'/>
<TRANSACTION ACCOUNT='************8775' DATE='25012011' TIME='014256'/></MESSAGE>


INFO - <- Send -> 
<?xml version="1.0"?>
<MESSAGE TYPE="310" BANKID="BDP" CORRELATIONID="20110125176205"><CLIENT ID="00109195438" TYPE="CEDULA" TELEPHONE="8295995979" GCSSEQUENCE="085963" TOKEN="000000000000000000000000"/>
<TRANSACTION ACCOUNT="************8775" DATE="25012011" TIME="014256" NAME="RHONNY ESTEVEZ" TYPE="SAV" CURRENCY="DOP" VALID-THRU="" RESPONSECODE="0000" BPSEQUENCE="390403"/></MESSAGE>

INFO - =================== Socket Close ================== 21-02-2013 10:59:23.000000

INFO - =================== Socket Open =================== 21-02-2013 10:59:23.000000

INFO - <- Receive -> 
<MESSAGE TYPE='300' BANKID='BDP' CORRELATIONID='20110125176205'><CLIENT ID='00109195438' TYPE='CEDULA' TELEPHONE='8295995979' GCSSEQUENCE='085963' TOKEN='000000000000000000000000'/>
<TRANSACTION ACCOUNT='************8775' DATE='25012011' TIME='014256'/></MESSAGE>


INFO - <- Send -> 
<?xml version="1.0"?>
<MESSAGE TYPE="310" BANKID="BDP" CORRELATIONID="20110125176205"><CLIENT ID="00109195438" TYPE="CEDULA" TELEPHONE="8295995979" GCSSEQUENCE="085963" TOKEN="000000000000000000000000"/>
<TRANSACTION ACCOUNT="************8775" DATE="25012011" TIME="014256" NAME="RHONNY ESTEVEZ" TYPE="SAV" CURRENCY="DOP" VALID-THRU="" RESPONSECODE="0000" BPSEQUENCE="150138"/></MESSAGE>

INFO - =================== Socket Close ================== 21-02-2013 10:59:23.000000

INFO - =================== Socket Open =================== 21-02-2013 10:59:23.000000

INFO - <- Receive -> 
<MESSAGE TYPE='300' BANKID='BDP' CORRELATIONID='20110125176205'><CLIENT ID='00109195438' TYPE='CEDULA' TELEPHONE='8295995979' GCSSEQUENCE='085963' TOKEN='000000000000000000000000'/>
<TRANSACTION ACCOUNT='************8775' DATE='25012011' TIME='014256'/></MESSAGE>


INFO - <- Send -> 
<?xml version="1.0"?>
<MESSAGE TYPE="310" BANKID="BDP" CORRELATIONID="20110125176205"><CLIENT ID="00109195438" TYPE="CEDULA" TELEPHONE="8295995979" GCSSEQUENCE="085963" TOKEN="000000000000000000000000"/>
<TRANSACTION ACCOUNT="************8775" DATE="25012011" TIME="014256" NAME="RHONNY ESTEVEZ" TYPE="SAV" CURRENCY="DOP" VALID-THRU="" RESPONSECODE="0000" BPSEQUENCE="127236"/></MESSAGE>

INFO - =================== Socket Close ================== 21-02-2013 10:59:23.000000

INFO - =================== Socket Open =================== 21-02-2013 10:59:36.000000

INFO - <- Receive -> 
<MESSAGE TYPE="879" BANKID="102" CORRELATIONID="2013022101232760721ST2e3"><CLIENT ID="03104022300" TYPE="CEDULA" GCSSEQUENCE="168967" TELEPHONE="9999999999"/><TRANSACTION DATE="21022013" TIME="012327"/></MESSAGE>



INFO - <- Send -> 
<?xml version="1.0"?>
<MESSAGE TYPE="880" BANKID="102" CORRELATIONID="2013022101232760721ST2e3"><CLIENT ID="03104022300" TYPE="CEDULA" GCSSEQUENCE="168967" TELEPHONE="9999999999" FULL-NAME=" " ADDRESS="26 ESTE, ESQ P SECTOR LA CASTELLANA" STATUS="" CITY="SANTO DOMINGO ESTE SD" PHONE="809-549-5717" SEGMENT="2-Banca Premium" OFFICER-CODE="U15682" OFFICER-NAME="IRIS LUGO" EMAIL=""/><TRANSACTION DATE="21022013" TIME="012327" BANKSESSIONID="00000000000000000000" RESPONSECODE="0000" BPSEQUENCE="068997"/><ACCOUNTS><ACCOUNT BANK="102" BANK-NAME="Banco Popular Dominicano" ALIAS="" NUMBER="*****6326" TYPE="LOAN" CURRENCY="DOP" STATUS="" RELATION="" BALANCE="0.00" AVAILABLE-BALANCE="0.00"/><ACCOUNT BANK="102" BANK-NAME="Banco Popular Dominicano" ALIAS="" NUMBER="************6501" TYPE="CC" CURRENCY="DOP" STATUS="" RELATION="" BALANCE="0.00" AVAILABLE-BALANCE="0.00"/></ACCOUNTS></MESSAGE>

INFO - =================== Socket Close ================== 21-02-2013 10:59:36.000000

INFO - =================== Socket Open =================== 21-02-2013 10:59:41.000000

INFO - <- Receive -> 
<MESSAGE TYPE="879" BANKID="102" CORRELATIONID="2013022101232760721ST2e3"><CLIENT ID="03104022300" TYPE="CEDULA" GCSSEQUENCE="168967" TELEPHONE="9999999999"/><TRANSACTION DATE="21022013" TIME="012327"/></MESSAGE>



INFO - <- Send -> 
<?xml version="1.0"?>
<MESSAGE TYPE="880" BANKID="102" CORRELATIONID="2013022101232760721ST2e3"><CLIENT ID="03104022300" TYPE="CEDULA" GCSSEQUENCE="168967" TELEPHONE="9999999999" FULL-NAME=" " ADDRESS="26 ESTE, ESQ P SECTOR LA CASTELLANA" STATUS="" CITY="SANTO DOMINGO ESTE SD" PHONE="809-549-5717" SEGMENT="2-Banca Premium" OFFICER-CODE="U15682" OFFICER-NAME="IRIS LUGO" EMAIL=""/><TRANSACTION DATE="21022013" TIME="012327" BANKSESSIONID="00000000000000000000" RESPONSECODE="0000" BPSEQUENCE="542705"/><ACCOUNTS><ACCOUNT BANK="102" BANK-NAME="Banco Popular Dominicano" ALIAS="" NUMBER="*****6326" TYPE="LOAN" CURRENCY="DOP" STATUS="" RELATION="" BALANCE="0.00" AVAILABLE-BALANCE="0.00"/><ACCOUNT BANK="102" BANK-NAME="Banco Popular Dominicano" ALIAS="" NUMBER="************6501" TYPE="CC" CURRENCY="DOP" STATUS="" RELATION="" BALANCE="0.00" AVAILABLE-BALANCE="0.00"/></ACCOUNTS></MESSAGE>

INFO - =================== Socket Close ================== 21-02-2013 10:59:41.000000

