string(128) "003e600000000302007038010000c000000844527121180000000000015000000088062047102401233132333435363738313233343536373839303132333435"
array(11) {
  [2]=>
  string(10) "0844527121"
  [3]=>
  string(6) "180000"
  [4]=>
  string(12) "000000015000"
  [11]=>
  string(6) "000088"
  [12]=>
  string(6) "062047"
  [13]=>
  string(4) "1024"
  [24]=>
  string(3) "119"
  [38]=>
  string(6) "100000"
  [39]=>
  string(2) "00"
  [41]=>
  string(8) "12345678"
  [42]=>
  string(15) "123456789012345"
}
array(1) {
  [1]=>
  string(144) "0046600000000302107038010006c0000008445271211800000000000150000000880620471024007731303030303030303132333435363738313233343536373839303132333435"
}
string(128) "003e600000000302007038010000c000000844527121180000000000015000000091103251102501233132333435363738313233343536373839303132333435"
array(11) {
  [2]=>
  string(10) "0844527121"
  [3]=>
  string(6) "180000"
  [4]=>
  string(12) "000000015000"
  [11]=>
  string(6) "000091"
  [12]=>
  string(6) "103251"
  [13]=>
  string(4) "1025"
  [24]=>
  string(3) "119"
  [38]=>
  string(6) "100000"
  [39]=>
  string(2) "00"
  [41]=>
  string(8) "12345678"
  [42]=>
  string(15) "123456789012345"
}
array(1) {
  [1]=>
  string(144) "0046600000000302107038010006c0000008445271211800000000000150000000911032511025007731303030303030303132333435363738313233343536373839303132333435"
}
string(128) "003e600000000302007038010000c000000844527121180000000000010000000127035327102501233132333435363738313233343536373839303132333435"
array(11) {
  [2]=>
  string(10) "0844527121"
  [3]=>
  string(6) "180000"
  [4]=>
  string(12) "000000010000"
  [11]=>
  string(6) "000127"
  [12]=>
  string(6) "035327"
  [13]=>
  string(4) "1025"
  [24]=>
  string(3) "119"
  [38]=>
  string(6) "100000"
  [39]=>
  string(2) "00"
  [41]=>
  string(8) "12345678"
  [42]=>
  string(15) "123456789012345"
}
array(1) {
  [1]=>
  string(144) "0046600000000302107038010006c0000008445271211800000000000100000001270353271025007731303030303030303132333435363738313233343536373839303132333435"
}
string(128) "003e600000000302007038010000c000000844719224180000000000002500000154042613102501233132333435363738313233343536373839303132333435"
array(11) {
  [2]=>
  string(10) "0844719224"
  [3]=>
  string(6) "180000"
  [4]=>
  string(12) "000000002500"
  [11]=>
  string(6) "000154"
  [12]=>
  string(6) "042613"
  [13]=>
  string(4) "1025"
  [24]=>
  string(3) "119"
  [38]=>
  string(6) "100000"
  [39]=>
  string(2) "00"
  [41]=>
  string(8) "12345678"
  [42]=>
  string(15) "123456789012345"
}
array(1) {
  [1]=>
  string(144) "0046600000000302107038010006c0000008447192241800000000000025000001540426131025007731303030303030303132333435363738313233343536373839303132333435"
}
string(128) "003e600000000302007038010000c000000844527121180000000000010000924720033429111401233132333435363738313233343536373839303132333435"
array(11) {
  [2]=>
  string(10) "0844527121"
  [3]=>
  string(6) "180000"
  [4]=>
  string(12) "000000010000"
  [11]=>
  string(6) "924720"
  [12]=>
  string(6) "033429"
  [13]=>
  string(4) "1114"
  [24]=>
  string(3) "119"
  [38]=>
  string(6) "100000"
  [39]=>
  string(2) "00"
  [41]=>
  string(8) "12345678"
  [42]=>
  string(15) "123456789012345"
}
array(1) {
  [1]=>
  string(144) "0046600000000302107038010006c0000008445271211800000000000100009247200334291114007731303030303030303132333435363738313233343536373839303132333435"
}
string(128) "003e600000000302007038010000c000000844527121180000000000040000329170033702111401233132333435363738313233343536373839303132333435"
array(11) {
  [2]=>
  string(10) "0844527121"
  [3]=>
  string(6) "180000"
  [4]=>
  string(12) "000000040000"
  [11]=>
  string(6) "329170"
  [12]=>
  string(6) "033702"
  [13]=>
  string(4) "1114"
  [24]=>
  string(3) "119"
  [38]=>
  string(6) "100000"
  [39]=>
  string(2) "00"
  [41]=>
  string(8) "12345678"
  [42]=>
  string(15) "123456789012345"
}
array(1) {
  [1]=>
  string(144) "0046600000000302107038010006c0000008445271211800000000000400003291700337021114007731303030303030303132333435363738313233343536373839303132333435"
}
string(128) "003e600000000302007038010000c000000844527121180000000000020000467283030919111501233132333435363738313233343536373839303132333435"
array(11) {
  [2]=>
  string(10) "0844527121"
  [3]=>
  string(6) "180000"
  [4]=>
  string(12) "000000020000"
  [11]=>
  string(6) "467283"
  [12]=>
  string(6) "030919"
  [13]=>
  string(4) "1115"
  [24]=>
  string(3) "119"
  [38]=>
  string(6) "100000"
  [39]=>
  string(2) "00"
  [41]=>
  string(8) "12345678"
  [42]=>
  string(15) "123456789012345"
}
array(1) {
  [1]=>
  string(144) "0046600000000302107038010006c0000008445271211800000000000200004672830309191115007731303030303030303132333435363738313233343536373839303132333435"
}
string(128) "003e600000000302007038010000c000000844527121180000000000010000432950031030111501233132333435363738313233343536373839303132333435"
array(11) {
  [2]=>
  string(10) "0844527121"
  [3]=>
  string(6) "180000"
  [4]=>
  string(12) "000000010000"
  [11]=>
  string(6) "432950"
  [12]=>
  string(6) "031030"
  [13]=>
  string(4) "1115"
  [24]=>
  string(3) "119"
  [38]=>
  string(6) "100000"
  [39]=>
  string(2) "00"
  [41]=>
  string(8) "12345678"
  [42]=>
  string(15) "123456789012345"
}
array(1) {
  [1]=>
  string(144) "0046600000000302107038010006c0000008445271211800000000000100004329500310301115007731303030303030303132333435363738313233343536373839303132333435"
}
string(128) "003e600000000302007038010000c000000844527121180000000000035000926658105140111601233132333435363738313233343536373839303132333435"
array(11) {
  [2]=>
  string(10) "0844527121"
  [3]=>
  string(6) "180000"
  [4]=>
  string(12) "000000035000"
  [11]=>
  string(6) "926658"
  [12]=>
  string(6) "105140"
  [13]=>
  string(4) "1116"
  [24]=>
  string(3) "119"
  [38]=>
  string(6) "100000"
  [39]=>
  string(2) "00"
  [41]=>
  string(8) "12345678"
  [42]=>
  string(15) "123456789012345"
}
array(1) {
  [1]=>
  string(144) "0046600000000302107038010006c0000008445271211800000000000350009266581051401116007731303030303030303132333435363738313233343536373839303132333435"
}
string(128) "003e600000000302007038010000c000000844719224180000000000015000084941105237111601233132333435363738313233343536373839303132333435"
array(11) {
  [2]=>
  string(10) "0844719224"
  [3]=>
  string(6) "180000"
  [4]=>
  string(12) "000000015000"
  [11]=>
  string(6) "084941"
  [12]=>
  string(6) "105237"
  [13]=>
  string(4) "1116"
  [24]=>
  string(3) "119"
  [38]=>
  string(6) "100000"
  [39]=>
  string(2) "00"
  [41]=>
  string(8) "12345678"
  [42]=>
  string(15) "123456789012345"
}
array(1) {
  [1]=>
  string(144) "0046600000000302107038010006c0000008447192241800000000000150000849411052371116007731303030303030303132333435363738313233343536373839303132333435"
}
string(128) "003e600000000302007038010000c000000844719224180000000000002500892076123847111601233132333435363738313233343536373839303132333435"
array(11) {
  [2]=>
  string(10) "0844719224"
  [3]=>
  string(6) "180000"
  [4]=>
  string(12) "000000002500"
  [11]=>
  string(6) "892076"
  [12]=>
  string(6) "123847"
  [13]=>
  string(4) "1116"
  [24]=>
  string(3) "119"
  [38]=>
  string(6) "100000"
  [39]=>
  string(2) "00"
  [41]=>
  string(8) "12345678"
  [42]=>
  string(15) "123456789012345"
}
array(1) {
  [1]=>
  string(144) "0046600000000302107038010006c0000008447192241800000000000025008920761238471116007731303030303030303132333435363738313233343536373839303132333435"
}
string(128) "003e600000000302007038010000c000000844527121180000000000020000115893022414111601233132333435363738313233343536373839303132333435"
array(11) {
  [2]=>
  string(10) "0844527121"
  [3]=>
  string(6) "180000"
  [4]=>
  string(12) "000000020000"
  [11]=>
  string(6) "115893"
  [12]=>
  string(6) "022414"
  [13]=>
  string(4) "1116"
  [24]=>
  string(3) "119"
  [38]=>
  string(6) "100000"
  [39]=>
  string(2) "00"
  [41]=>
  string(8) "12345678"
  [42]=>
  string(15) "123456789012345"
}
array(1) {
  [1]=>
  string(144) "0046600000000302107038010006c0000008445271211800000000000200001158930224141116007731303030303030303132333435363738313233343536373839303132333435"
}
string(128) "003e600000000302007038010000c000000844527121180000000000030000496651022914111601233132333435363738313233343536373839303132333435"
array(11) {
  [2]=>
  string(10) "0844527121"
  [3]=>
  string(6) "180000"
  [4]=>
  string(12) "000000030000"
  [11]=>
  string(6) "496651"
  [12]=>
  string(6) "022914"
  [13]=>
  string(4) "1116"
  [24]=>
  string(3) "119"
  [38]=>
  string(6) "100000"
  [39]=>
  string(2) "00"
  [41]=>
  string(8) "12345678"
  [42]=>
  string(15) "123456789012345"
}
array(1) {
  [1]=>
  string(144) "0046600000000302107038010006c0000008445271211800000000000300004966510229141116007731303030303030303132333435363738313233343536373839303132333435"
}
string(128) "003e600000000302007038010000c000000844719224180000000000002500194085125612112001233132333435363738313233343536373839303132333435"
array(11) {
  [2]=>
  string(10) "0844719224"
  [3]=>
  string(6) "180000"
  [4]=>
  string(12) "000000002500"
  [11]=>
  string(6) "194085"
  [12]=>
  string(6) "125612"
  [13]=>
  string(4) "1120"
  [24]=>
  string(3) "119"
  [38]=>
  string(6) "100000"
  [39]=>
  string(2) "00"
  [41]=>
  string(8) "12345678"
  [42]=>
  string(15) "123456789012345"
}
array(1) {
  [1]=>
  string(144) "0046600000000302107038010006c0000008447192241800000000000025001940851256121120007731303030303030303132333435363738313233343536373839303132333435"
}
string(128) "003e600000000302007038010000c000000844719224180000000000002500199401010201112001233132333435363738313233343536373839303132333435"
array(11) {
  [2]=>
  string(10) "0844719224"
  [3]=>
  string(6) "180000"
  [4]=>
  string(12) "000000002500"
  [11]=>
  string(6) "199401"
  [12]=>
  string(6) "010201"
  [13]=>
  string(4) "1120"
  [24]=>
  string(3) "119"
  [38]=>
  string(6) "100000"
  [39]=>
  string(2) "00"
  [41]=>
  string(8) "12345678"
  [42]=>
  string(15) "123456789012345"
}
array(1) {
  [1]=>
  string(144) "0046600000000302107038010006c0000008447192241800000000000025001994010102011120007731303030303030303132333435363738313233343536373839303132333435"
}
string(0) ""
array(11) {
  [2]=>
  string(0) ""
  [3]=>
  string(0) ""
  [4]=>
  string(12) "000000000000"
  [11]=>
  string(0) ""
  [12]=>
  string(0) ""
  [13]=>
  string(0) ""
  [24]=>
  string(3) "119"
  [38]=>
  string(6) "100000"
  [39]=>
  string(2) "00"
  [41]=>
  string(0) ""
  [42]=>
  string(15) "000000000000000"
}
array(1) {
  [1]=>
  string(96) "002e600000000302107038010006c0000000000000000000773130303030303030303030303030303030303030303030"
}
string(216) "3031303730333230313930393034313334303339303030303434353237313232247b706172746e65722e6d6f7669737461722e656e746974792e636f64657d2d303030303030313130303030303030343435323731323230303030303030303030303030303030303030300a"
array(11) {
  [2]=>
  string(10) "0833393030"
  [3]=>
  string(6) "303034"
  [4]=>
  string(12) "343532373132"
  [11]=>
  string(0) ""
  [12]=>
  string(6) "706172"
  [13]=>
  string(0) ""
  [24]=>
  string(3) "119"
  [38]=>
  string(6) "100000"
  [39]=>
  string(2) "00"
  [41]=>
  string(8) ".movista"
  [42]=>
  string(15) "r.entity.code}-"
}
array(1) {
  [1]=>
  string(134) "0041600000000302107038010006c000000833393030303034343532373132706172007731303030303030302e6d6f7669737461722e656e746974792e636f64657d2d"
}
string(216) "3031303730333230313930393034313334343237303030303532373231393536247b706172746e65722e6d6f7669737461722e656e746974792e636f64657d2d303030303030313130303030303030353237323139353630303030303030303030303030303030303030300a"
array(11) {
  [2]=>
  string(10) "0832373030"
  [3]=>
  string(6) "303035"
  [4]=>
  string(12) "323732313935"
  [11]=>
  string(0) ""
  [12]=>
  string(6) "706172"
  [13]=>
  string(0) ""
  [24]=>
  string(3) "119"
  [38]=>
  string(6) "100000"
  [39]=>
  string(2) "00"
  [41]=>
  string(8) ".movista"
  [42]=>
  string(15) "r.entity.code}-"
}
array(1) {
  [1]=>
  string(134) "0041600000000302107038010006c000000832373030303035323732313935706172007731303030303030302e6d6f7669737461722e656e746974792e636f64657d2d"
}
string(216) "3031303730333230313930393034313334363136303030303532373231393536247b706172746e65722e6d6f7669737461722e656e746974792e636f64657d2d303030303030313130303030303030353237323139353630303030303030303030303030303030303030300a"
array(11) {
  [2]=>
  string(10) "0831363030"
  [3]=>
  string(6) "303035"
  [4]=>
  string(12) "323732313935"
  [11]=>
  string(0) ""
  [12]=>
  string(6) "706172"
  [13]=>
  string(0) ""
  [24]=>
  string(3) "119"
  [38]=>
  string(6) "100000"
  [39]=>
  string(2) "00"
  [41]=>
  string(8) ".movista"
  [42]=>
  string(15) "r.entity.code}-"
}
array(1) {
  [1]=>
  string(134) "0041600000000302107038010006c000000831363030303035323732313935706172007731303030303030302e6d6f7669737461722e656e746974792e636f64657d2d"
}
string(216) "3031303730333230313930393034313334383131303030303532373231393536247b706172746e65722e6d6f7669737461722e656e746974792e636f64657d2d303030303030313130303030303030353237323139353630303030303030303030303030303030303030300a"
array(11) {
  [2]=>
  string(10) "0831313030"
  [3]=>
  string(6) "303035"
  [4]=>
  string(12) "323732313935"
  [11]=>
  string(0) ""
  [12]=>
  string(6) "706172"
  [13]=>
  string(0) ""
  [24]=>
  string(3) "119"
  [38]=>
  string(6) "100000"
  [39]=>
  string(2) "00"
  [41]=>
  string(8) ".movista"
  [42]=>
  string(15) "r.entity.code}-"
}
array(1) {
  [1]=>
  string(134) "0041600000000302107038010006c000000831313030303035323732313935706172007731303030303030302e6d6f7669737461722e656e746974792e636f64657d2d"
}
string(128) "003e600000000302007038010000c000000852721956180000000000010000999899020603090401233132333435363738313233343536373839303132333435"
array(11) {
  [2]=>
  string(10) "0852721956"
  [3]=>
  string(6) "180000"
  [4]=>
  string(12) "000000010000"
  [11]=>
  string(6) "999899"
  [12]=>
  string(6) "020603"
  [13]=>
  string(4) "0904"
  [24]=>
  string(3) "119"
  [38]=>
  string(6) "100000"
  [39]=>
  string(2) "00"
  [41]=>
  string(8) "12345678"
  [42]=>
  string(15) "123456789012345"
}
array(1) {
  [1]=>
  string(144) "0046600000000302107038010006c0000008527219561800000000000100009998990206030904007731303030303030303132333435363738313233343536373839303132333435"
}
string(128) "003e600000000302007038010000c000000844527122180000000000010000050928125844090901233132333435363738313233343536373839303132333435"
array(11) {
  [2]=>
  string(10) "0844527122"
  [3]=>
  string(6) "180000"
  [4]=>
  string(12) "000000010000"
  [11]=>
  string(6) "050928"
  [12]=>
  string(6) "125844"
  [13]=>
  string(4) "0909"
  [24]=>
  string(3) "119"
  [38]=>
  string(6) "100000"
  [39]=>
  string(2) "00"
  [41]=>
  string(8) "12345678"
  [42]=>
  string(15) "123456789012345"
}
array(1) {
  [1]=>
  string(144) "0046600000000302107038010006c0000008445271221800000000000100000509281258440909007731303030303030303132333435363738313233343536373839303132333435"
}
