Agencia: 318 Terminal: 78 Nombre: Principal Boya
Agencia: 535 Terminal: 144 Nombre: Estacion Shell de Herrera 
Agencia: 707 Terminal: 224 Nombre: Farmacia Dimedico, EIRL
Agencia: 725 Terminal: 233 Nombre: Farmacia Ransy, SRL
Agencia: 752 Terminal: 249 Nombre: Farmacia Felipe 1
Agencia: 759 Terminal: 254 Nombre: Farmacia el Sol 3
Agencia: 760 Terminal: 255 Nombre: Farmacia el Sol 5
Agencia: 840 Terminal: 305 Nombre: Audry PC EIRL 1
Agencia: 951 Terminal: 366 Nombre: Market Yulissa SRL
Agencia: 987 Terminal: 383 Nombre: Farmacia Ortega Urena
Agencia: 999 Terminal: 389 Nombre: Farmacia C y C
Agencia: 1027 Terminal: 404 Nombre: Print Express I
Agencia: 1079 Terminal: 432 Nombre: Farmacia Luz Bethania
Agencia: 1100 Terminal: 448 Nombre: F y L Comercial11
Agencia: 1115 Terminal: 462 Nombre: Farmacia Yamila VI, S.R.L.
Agencia: 1120 Terminal: 467 Nombre: Farmacia Yamila VII, S.R.L.
Agencia: 1134 Terminal: 476 Nombre: Farmacia Lample Suarez
Agencia: 1263 Terminal: 552 Nombre: Farmacia Inmaculada III
Agencia: 1313 Terminal: 579 Nombre: Farmacia Nayarit I
Agencia: 1450 Terminal: 688 Nombre: Andrea Hair Center 3
Agencia: 1451 Terminal: 690 Nombre: Andres Hair Center 5
Agencia: 1452 Terminal: 691 Nombre: Andrea Hair Center 6
Agencia: 1460 Terminal: 699 Nombre: Andrea Hair Center 14
Agencia: 631 Terminal: 702 Nombre: Farmacia Rosanna 
Agencia: 699 Terminal: 703 Nombre: Supermercado La Bendicion 
Agencia: 797 Terminal: 716 Nombre: Comercial Medina Beltre
Agencia: 807 Terminal: 714 Nombre: Farmacia San Miguel 6
Agencia: 1037 Terminal: 711 Nombre: Supermercado Soberano Tropical del Este II
Agencia: 1071 Terminal: 701 Nombre: Farmacia Arlette
Agencia: 1189 Terminal: 712 Nombre: Farmacia Larimar, SRL 2
Agencia: 1361 Terminal: 700 Nombre: La Casa del Pintor, SRL
Agencia: 1378 Terminal: 715 Nombre: Hipermercado Moca, SRL
Agencia: 1463 Terminal: 704 Nombre: Super Colmado Dewar
Agencia: 1465 Terminal: 705 Nombre: Studio G 1
Agencia: 1466 Terminal: 706 Nombre: Studio G 2
Agencia: 1467 Terminal: 707 Nombre: Studio G 3
Agencia: 1468 Terminal: 708 Nombre: Studio G 4
Agencia: 1469 Terminal: 709 Nombre: Studio G 5
Agencia: 1470 Terminal: 710 Nombre: Studio G 6
Agencia: 1472 Terminal: 713 Nombre: El Monstruo de las Comunicaciones
Agencia: 1201 Terminal: 739 Nombre: Distribuidora Hermanos Lara
Agencia: 1454 Terminal: 717 Nombre: Andrea Hair Center 4
Agencia: 1473 Terminal: 718 Nombre: Farmacia Miledy 2
Agencia: 1474 Terminal: 719 Nombre: Farmacia Naraly 5
Agencia: 1476 Terminal: 720 Nombre: Super Farmacia Invivienda, SRL
Agencia: 1478 Terminal: 721 Nombre: Ferreteria Hermes Bayaguana, SRL
Agencia: 1480 Terminal: 722 Nombre: Starz Tecnology 1
Agencia: 1481 Terminal: 723 Nombre: Starz Tecnology 2
Agencia: 1482 Terminal: 724 Nombre: Starz Tecnology 3
Agencia: 1484 Terminal: 725 Nombre: Farmacia Alberto II, 1
Agencia: 1485 Terminal: 726 Nombre: Farmacia Alberto II, 2
Agencia: 1486 Terminal: 727 Nombre: Farmacia Alberto II, 3/Farmacia Samuel
Agencia: 1488 Terminal: 728 Nombre: Farmacia Carluz
Agencia: 1490 Terminal: 729 Nombre: Farmacia Tonita
Agencia: 1492 Terminal: 730 Nombre: Farmacia Los Multi
Agencia: 1494 Terminal: 731 Nombre: Ferreteria Yudelkis
Agencia: 1496 Terminal: 732 Nombre: Farmacia Las Flores
Agencia: 1498 Terminal: 733 Nombre: Dary, SRL
Agencia: 1500 Terminal: 734 Nombre: Farmacia Elizabeth
Agencia: 1502 Terminal: 735 Nombre: Farmacia Galvan
Agencia: 1504 Terminal: 736 Nombre: Supermercado Doble AA, EIRL
Agencia: 1505 Terminal: 737 Nombre: Supermerado La Altagracia
Agencia: 1507 Terminal: 738 Nombre: Farmacia Leonela
Agencia: 1509 Terminal: 740 Nombre: Bodega Gutierrez
Agencia: 1510 Terminal: 741 Nombre: Farmacia Eridania 2
Agencia: 1512 Terminal: 742 Nombre: Ferreteria Velazquez
Agencia: 1514 Terminal: 743 Nombre: Casa Ramirez Andujar
