2016-11-11 19:55:22 - Starting terminal refreshing........
2016-11-11 19:55:22 - Actual terminals loaded........
2016-11-11 19:55:22 - Terminals difference calculated........
2016-11-11 19:55:22 - Updating terminals.........................
2016-11-11 19:55:23 - Terminal update finished........
Terminal 144 SAVED succesfully.
Terminal 224 SAVED succesfully.
Terminal 233 SAVED succesfully.
Terminal 249 SAVED succesfully.
Terminal 254 SAVED succesfully.
Terminal 255 SAVED succesfully.
Terminal 305 SAVED succesfully.
Terminal 366 SAVED succesfully.
Terminal 383 SAVED succesfully.
Terminal 389 SAVED succesfully.
Terminal 404 SAVED succesfully.
Terminal 410 could not be created.
Terminal 432 SAVED succesfully.
Terminal 448 SAVED succesfully.
Terminal 462 SAVED succesfully.
Terminal 467 SAVED succesfully.
Terminal 476 SAVED succesfully.
Terminal 533 could not be created.
Terminal 552 SAVED succesfully.
Terminal 579 SAVED succesfully.
Terminal 660 could not be created.
Terminal 661 could not be created.
Terminal 688 SAVED succesfully.
Terminal 690 SAVED succesfully.
Terminal 691 SAVED succesfully.
Terminal 699 SAVED succesfully.
Terminal 78 SAVED succesfully.
Terminal 84 could not be created.
2016-11-11 19:55:31 - Terminal refreshing ended.

2016-12-12 15:41:32 - Starting terminal refreshing........
2016-12-12 15:41:32 - Actual terminals loaded........
2016-12-12 15:41:33 - Terminals difference calculated........
2016-12-12 15:41:33 - Updating terminals...................
2016-12-12 15:41:33 - Terminal update finished........
Terminal 410 could not be created.
Terminal 533 could not be created.
Terminal 660 could not be created.
Terminal 661 could not be created.
Terminal 700 SAVED succesfully.
Terminal 701 SAVED succesfully.
Terminal 702 SAVED succesfully.
Terminal 703 SAVED succesfully.
Terminal 704 SAVED succesfully.
Terminal 705 SAVED succesfully.
Terminal 706 SAVED succesfully.
Terminal 707 SAVED succesfully.
Terminal 708 SAVED succesfully.
Terminal 709 SAVED succesfully.
Terminal 710 SAVED succesfully.
Terminal 711 could not be created.
Terminal 712 SAVED succesfully.
Terminal 713 SAVED succesfully.
Terminal 714 SAVED succesfully.
Terminal 715 SAVED succesfully.
Terminal 716 SAVED succesfully.
Terminal 84 could not be created.
2016-12-12 15:41:36 - Terminal refreshing ended.

2017-01-18 15:40:26 - Starting terminal refreshing........
2017-01-18 15:40:26 - Actual terminals loaded........
2017-01-18 15:40:27 - Terminals difference calculated........
2017-01-18 15:40:27 - Updating terminals..........................
2017-01-18 15:40:29 - Terminal update finished........
Terminal 410 could not be created.
Terminal 533 could not be created.
Terminal 660 could not be created.
Terminal 661 could not be created.
Terminal 711 could not be created.
Terminal 717 SAVED succesfully.
Terminal 718 SAVED succesfully.
Terminal 719 SAVED succesfully.
Terminal 720 SAVED succesfully.
Terminal 721 SAVED succesfully.
Terminal 722 SAVED succesfully.
Terminal 723 SAVED succesfully.
Terminal 724 SAVED succesfully.
Terminal 725 SAVED succesfully.
Terminal 726 SAVED succesfully.
Terminal 727 SAVED succesfully.
Terminal 728 SAVED succesfully.
Terminal 729 SAVED succesfully.
Terminal 730 SAVED succesfully.
Terminal 731 SAVED succesfully.
Terminal 732 SAVED succesfully.
Terminal 733 SAVED succesfully.
Terminal 734 SAVED succesfully.
Terminal 735 SAVED succesfully.
Terminal 736 SAVED succesfully.
Terminal 737 SAVED succesfully.
Terminal 738 SAVED succesfully.
Terminal 739 SAVED succesfully.
Terminal 740 SAVED succesfully.
Terminal 84 could not be created.
2017-01-18 15:40:39 - Terminal refreshing ended.

2017-01-23 19:26:44 - Starting terminal refreshing........
2017-01-23 19:26:44 - Actual terminals loaded........
2017-01-23 19:26:45 - Terminals difference calculated........
2017-01-23 19:26:45 - Updating terminals.....
2017-01-23 19:26:45 - Terminal update finished........
Terminal 410 could not be created.
Terminal 533 could not be created.
Terminal 660 could not be created.
Terminal 661 could not be created.
Terminal 711 could not be created.
Terminal 741 SAVED succesfully.
Terminal 742 SAVED succesfully.
Terminal 743 SAVED succesfully.
Terminal 84 could not be created.
2017-01-23 19:26:49 - Terminal refreshing ended.

