2022-03-25T08:56:31 -  - 3 - Channel TPGDR active status is: 
2022-03-25T09:27:45 -  - 3 - Channel TPGDR active status is: 
2022-03-25T09:31:52 -  - 3 - Channel TPGDR active status is: false
2022-03-25T09:33:41 -  - 3 - Channel TPGDR active status is: true
2022-03-25T09:33:41 -  - 2 - Getting General Parameters......
2022-03-25T09:36:24 -  - 3 - Channel TPGDR active status is: false
2022-03-25T09:40:17 -  - 3 - Channel TPGDR active status is: true
2022-03-25T09:40:17 -  - 2 - Getting General Parameters......
2022-03-25T09:40:17 -  - 1 - No general parameters found for channel TPGDR
2022-03-25T09:43:10 -  - 3 - Channel TPGDR active status is: true
2022-03-25T09:43:10 -  - 2 - Getting General Parameters......
2022-03-25T09:43:10 -  - 1 - No general parameters found for channel TPGDR
2022-03-25T09:57:37 -  - 3 - Channel TPGDR active status is: true
2022-03-25T09:57:37 -  - 2 - Getting General Parameters......
2022-03-25T09:57:37 -  - 1 - No general parameters found for channel TPGDR
2022-03-25T09:59:43 -  - 3 - Channel TPGDR active status is: true
2022-03-25T09:59:43 -  - 2 - Getting General Parameters......
2022-03-25T09:59:43 -  - 1 - No general parameters found for channel TPGDR
2022-03-25T10:02:37 -  - 3 - Channel TPGDR active status is: true
2022-03-25T10:02:37 -  - 2 - Getting General Parameters......
2022-03-25T10:02:37 -  - 1 - No general parameters found for channel TPGDR
2022-03-25T10:05:24 -  - 3 - Channel TPGDR active status is: true
2022-03-25T10:05:24 -  - 2 - Getting General Parameters......
2022-03-25T10:05:24 -  - 3 - Engine Default active status is: false
2022-03-25T10:05:24 -  - 3 - Engine Ageing active status is: false
2022-03-25T10:05:24 -  - 3 - Engine Banks active status is: false
2022-03-25T10:16:42 -  - 3 - Channel TPGDR active status is: true
2022-03-25T10:16:42 -  - 2 - Getting General Parameters......
2022-03-25T10:16:42 -  - 3 - Engine Default active status is: false
2022-03-25T10:16:42 -  - 3 - Engine Ageing active status is: false
2022-03-25T10:16:42 -  - 3 - Engine Banks active status is: false
2022-03-25T10:16:42 -  - 1 - Invalid engine  on channel TPGDR
2022-03-25T10:26:18 -  - 3 - Channel TPGDR active status is: true
2022-03-25T10:26:18 -  - 2 - Getting General Parameters......
2022-03-25T10:26:18 -  - 3 - Engine Default active status is: false
2022-03-25T10:26:18 -  - 3 - Engine Ageing active status is: false
2022-03-25T10:26:18 -  - 3 - Engine Banks active status is: false
2022-03-25T10:26:18 -  - 1 - Invalid engine  on channel TPGDR
2022-03-25T10:30:13 -  - 3 - Channel TPGDR active status is: true
2022-03-25T10:30:13 -  - 2 - Getting General Parameters......
2022-03-25T10:30:13 -  - 3 - Engine Default active status is: false
2022-03-25T10:30:13 -  - 3 - Engine Ageing active status is: false
2022-03-25T10:30:13 - gMFConfigure - 1 - Configuration error, there are more than one engine active for channel TPGDR
2022-03-25T10:30:13 -  - 3 - Engine Banks active status is: false
2022-03-25T10:30:13 - gMFConfigure - 1 - Configuration error, there are more than one engine active for channel TPGDR
2022-03-25T10:30:13 -  - 1 - Invalid engine  on channel TPGDR
2022-03-25T11:02:29 -  - 3 - Channel TPGDR active status is: true
2022-03-25T11:02:29 -  - 2 - Getting General Parameters......
2022-03-25T11:02:29 -  - 3 - Engine Default active status is: false
2022-03-25T11:02:29 -  - 3 - Engine Ageing active status is: false
2022-03-25T11:02:29 -  - 3 - Engine Banks active status is: false
2022-03-25T11:02:29 -  - 1 - Invalid engine  on channel TPGDR
2022-03-25T11:10:02 - gMFConfigure - 3 - Channel TPGDR active status is: true
2022-03-25T11:10:02 - gMFConfigure - 2 - Getting General Parameters......
2022-03-25T11:10:02 - gMFConfigure - 3 - Engine Default active status is: false
2022-03-25T11:10:02 - gMFConfigure - 3 - Engine Ageing active status is: false
2022-03-25T11:10:02 - gMFConfigure - 3 - Engine Banks active status is: false
2022-03-25T11:10:02 - gMFConfigure - 1 - Invalid engine  on channel TPGDR
2022-03-25T11:25:24 - gMFConfigure - 3 - Channel TPGDR active status is: true
2022-03-25T11:25:24 - gMFConfigure - 2 - Getting General Parameters......
2022-03-25T11:25:24 - gMFConfigure - 3 - Engine Default active status is: false
2022-03-25T11:25:24 - gMFConfigure - 3 - Engine Ageing active status is: false
2022-03-25T11:25:24 - gMFConfigure - 3 - Engine Banks active status is: false
2022-03-25T11:25:24 - gMFConfigure - 1 - Invalid engine  on channel TPGDR
2022-03-25T11:26:25 - gMFConfigure - 3 - Channel TPGDR active status is: true
2022-03-25T11:26:25 - gMFConfigure - 2 - Getting General Parameters......
2022-03-25T11:26:25 - gMFConfigure - 3 - Engine Default active status is: false
2022-03-25T11:26:25 - gMFConfigure - 3 - Engine Ageing active status is: false
2022-03-25T11:26:25 - gMFConfigure - 3 - Engine Banks active status is: false
2022-03-25T11:26:25 - gMFConfigure - 1 - Configuration error, there is no engine active for channel TPGDR
2022-03-25T11:26:55 - gMFConfigure - 3 - Channel TPGDR active status is: true
2022-03-25T11:26:55 - gMFConfigure - 2 - Getting General Parameters......
2022-03-25T11:26:55 - gMFConfigure - 3 - Engine Default active status is: true
2022-03-25T11:26:55 - gMFConfigure - 3 - Engine Ageing active status is: false
2022-03-25T11:26:55 - gMFConfigure - 3 - Engine Banks active status is: true
2022-03-25T11:26:55 - gMFConfigure - 1 - Configuration error, there are more than one () engine active for channel TPGDR
2022-03-25T11:27:21 - gMFConfigure - 3 - Channel TPGDR active status is: true
2022-03-25T11:27:21 - gMFConfigure - 2 - Getting General Parameters......
2022-03-25T11:27:21 - gMFConfigure - 3 - Engine Default active status is: true
2022-03-25T11:27:21 - gMFConfigure - 3 - Engine Ageing active status is: false
2022-03-25T11:27:21 - gMFConfigure - 3 - Engine Banks active status is: true
2022-03-25T11:27:21 - gMFConfigure - 1 - Configuration error, there are more than one (2) engine active for channel TPGDR
2022-03-25T11:28:26 - gMFConfigure - 3 - Channel TPGDR active status is: true
2022-03-25T11:28:26 - gMFConfigure - 2 - Getting General Parameters......
2022-03-25T11:28:26 - gMFConfigure - 3 - Engine Default active status is: false
2022-03-25T11:28:26 - gMFConfigure - 3 - Engine Ageing active status is: true
2022-03-25T11:28:26 - gMFConfigure - 3 - Engine Banks active status is: true
2022-03-25T11:28:26 - gMFConfigure - 1 - Configuration error, there are more than one (2) engine active for channel TPGDR
2022-03-25T11:29:48 - gMFConfigure - 3 - Channel TPGDR active status is: true
2022-03-25T11:29:48 - gMFConfigure - 2 - Getting General Parameters......
2022-03-25T11:29:48 - gMFConfigure - 3 - Engine Default active status is: false
2022-03-25T11:29:48 - gMFConfigure - 3 - Engine Ageing active status is: false
2022-03-25T11:29:48 - gMFConfigure - 3 - Engine Banks active status is: true
2022-03-25T11:29:48 - gMFConfigure - 1 - Invalid engine  on channel TPGDR
2022-03-25T11:40:12 - gMFConfigure - 3 - Channel TPGDR active status is: true
2022-03-25T11:40:12 - gMFConfigure - 2 - Getting General Parameters......
2022-03-25T11:40:13 - gMFConfigure - 3 - Engine Default active status is: false
2022-03-25T11:40:13 - gMFConfigure - 3 - Engine Ageing active status is: false
2022-03-25T11:40:13 - gMFConfigure - 3 - Engine Banks active status is: true
2022-03-25T11:40:13 - gMFConfigure - 1 - Invalid engine  on channel TPGDR
2022-03-25T11:40:53 - gMFConfigure - 3 - Channel TPGDR active status is: true
2022-03-25T11:40:53 - gMFConfigure - 2 - Getting General Parameters......
2022-03-25T11:40:53 - gMFConfigure - 3 - Engine Default active status is: false
2022-03-25T11:40:53 - gMFConfigure - 3 - Engine Ageing active status is: false
2022-03-25T11:40:53 - gMFConfigure - 3 - Engine Banks active status is: true
2022-03-25T11:40:53 - gMFConfigure - 1 - Invalid engine  on channel TPGDR
2022-03-25T11:41:25 - gMFConfigure - 3 - Channel TPGDR active status is: true
2022-03-25T11:41:25 - gMFConfigure - 2 - Getting General Parameters......
2022-03-25T11:41:25 - gMFConfigure - 3 - Engine Default active status is: false
2022-03-25T11:41:25 - gMFConfigure - 3 - Engine Ageing active status is: false
2022-03-25T11:41:25 - gMFConfigure - 3 - Engine Banks active status is: true
2022-03-25T11:41:25 - gMFConfigure - 1 - Invalid engine  on channel TPGDR
2022-03-25T11:43:02 - gMFConfigure - 3 - Channel TPGDR active status is: true
2022-03-25T11:43:02 - gMFConfigure - 2 - Getting General Parameters......
2022-03-25T11:43:02 - gMFConfigure - 3 - Engine Default active status is: false
2022-03-25T11:43:02 - gMFConfigure - 3 - Engine Ageing active status is: false
2022-03-25T11:43:02 - gMFConfigure - 3 - Engine Banks active status is: true
2022-03-25T11:43:02 - gMFConfigure - 1 - Invalid engine  on channel TPGDR
2022-03-25T11:44:27 - gMFConfigure - 3 - Channel TPGDR active status is: true
2022-03-25T11:44:27 - gMFConfigure - 2 - Getting General Parameters......
2022-03-25T11:44:27 - gMFConfigure - 3 - Engine Default active status is: false
2022-03-25T11:44:27 - gMFConfigure - 3 - Engine Ageing active status is: false
2022-03-25T11:44:27 - gMFConfigure - 3 - Engine Banks active status is: true
2022-03-25T11:46:51 - gMFConfigure - 3 - Channel TPGDR active status is: true
2022-03-25T11:46:51 - gMFConfigure - 2 - Getting General Parameters......
2022-03-25T11:46:51 - gMFConfigure - 3 - Engine Default active status is: false
2022-03-25T11:46:51 - gMFConfigure - 3 - Engine Ageing active status is: false
2022-03-25T11:46:51 - gMFConfigure - 3 - Engine Banks active status is: true
2022-03-25T11:50:17 - gMFConfigure - 3 - Channel TPGDR active status is: true
2022-03-25T11:50:17 - gMFConfigure - 2 - Getting General Parameters......
2022-03-25T11:50:17 - gMFConfigure - 3 - Engine Default active status is: false
2022-03-25T11:50:17 - gMFConfigure - 3 - Engine Ageing active status is: false
2022-03-25T11:50:17 - gMFConfigure - 3 - Engine Banks active status is: true
2022-03-25T11:52:52 - gMFConfigure - 3 - Channel TPGDR active status is: true
2022-03-25T11:52:52 - gMFConfigure - 2 - Getting General Parameters......
2022-03-25T11:52:52 - gMFConfigure - 2 - Getting channel paramerters......
2022-03-25T11:52:52 - gMFConfigure - 3 - Engine Default active status is: false
2022-03-25T11:52:52 - gMFConfigure - 3 - Engine Ageing active status is: false
2022-03-25T11:52:52 - gMFConfigure - 3 - Engine Banks active status is: true
2022-03-25T12:12:08 - gMFConfigure - 3 - Channel TPGDR active status is: true
2022-03-25T12:12:08 - gMFConfigure - 2 - Getting General Parameters......
2022-03-25T12:12:08 - gMFConfigure - 3 - 
2022-03-25T12:12:08 - gMFConfigure - 2 - Getting channel paramerters......
2022-03-25T12:12:08 - gMFConfigure - 3 - Engine Default active status is: false
2022-03-25T12:12:08 - gMFConfigure - 3 - Engine Ageing active status is: false
2022-03-25T12:12:08 - gMFConfigure - 3 - Engine Banks active status is: true
2022-03-25T12:12:08 - gMFConfigure - 3 - 
2022-03-25T12:12:46 - gMFConfigure - 3 - Channel TPGDR active status is: true
2022-03-25T12:12:46 - gMFConfigure - 2 - Getting General Parameters......
2022-03-25T12:12:46 - gMFConfigure - 3 - 
2022-03-25T12:12:46 - gMFConfigure - 2 - Getting channel paramerters......
2022-03-25T12:12:46 - gMFConfigure - 3 - Engine Default active status is: false
2022-03-25T12:12:46 - gMFConfigure - 3 - Engine Ageing active status is: false
2022-03-25T12:12:46 - gMFConfigure - 3 - Engine Banks active status is: true
2022-03-25T12:12:46 - gMFConfigure - 3 - Array
2022-03-25T12:14:10 - gMFConfigure - 3 - Channel TPGDR active status is: true
2022-03-25T12:14:10 - gMFConfigure - 2 - Getting General Parameters......
2022-03-25T12:14:10 - gMFConfigure - 3 - 
2022-03-25T12:14:10 - gMFConfigure - 2 - Getting channel paramerters......
2022-03-25T12:14:10 - gMFConfigure - 3 - Engine Default active status is: false
2022-03-25T12:14:10 - gMFConfigure - 3 - Engine Ageing active status is: false
2022-03-25T12:14:10 - gMFConfigure - 3 - Engine Banks active status is: true
2022-03-25T12:14:10 - gMFConfigure - 3 - Array
2022-03-25T12:14:42 - gMFConfigure - 3 - Channel TPGDR active status is: true
2022-03-25T12:14:42 - gMFConfigure - 2 - Getting General Parameters......
2022-03-25T12:14:42 - gMFConfigure - 3 - 
2022-03-25T12:14:42 - gMFConfigure - 2 - Getting channel paramerters......
2022-03-25T12:14:42 - gMFConfigure - 3 - Engine Default active status is: false
2022-03-25T12:14:42 - gMFConfigure - 3 - Engine Ageing active status is: false
2022-03-25T12:14:42 - gMFConfigure - 3 - Engine Banks active status is: true
2022-03-25T12:14:42 - gMFConfigure - 3 - 
2022-03-25T12:15:30 - gMFConfigure - 3 - Channel TPGDR active status is: true
2022-03-25T12:15:30 - gMFConfigure - 2 - Getting General Parameters......
2022-03-25T12:15:30 - gMFConfigure - 3 - 
2022-03-25T12:15:30 - gMFConfigure - 2 - Getting channel paramerters......
2022-03-25T12:15:30 - gMFConfigure - 3 - Engine Default active status is: false
2022-03-25T12:15:30 - gMFConfigure - 3 - Engine Ageing active status is: false
2022-03-25T12:15:30 - gMFConfigure - 3 - Engine Banks active status is: true
2022-03-25T12:15:30 - gMFConfigure - 3 - 
2022-03-25T12:19:41 - gMFConfigure - 3 - Channel TPGDR active status is: true
2022-03-25T12:19:41 - gMFConfigure - 2 - Getting General Parameters......
2022-03-25T12:19:41 - gMFConfigure - 2 - Getting channel paramerters......
2022-03-25T12:19:41 - gMFConfigure - 3 - Engine Default active status is: false
2022-03-25T12:19:41 - gMFConfigure - 3 - Engine Ageing active status is: false
2022-03-25T12:19:41 - gMFConfigure - 3 - Engine Banks active status is: true
2022-03-25T12:20:53 - gMFConfigure - 3 - Channel TPGDR active status is: true
2022-03-25T12:20:53 - gMFConfigure - 2 - Getting General Parameters......
2022-03-25T12:20:53 - gMFConfigure - 2 - Getting channel paramerters......
2022-03-25T12:20:53 - gMFConfigure - 3 - Engine Default active status is: false
2022-03-25T12:20:53 - gMFConfigure - 3 - Engine Ageing active status is: false
2022-03-25T12:20:53 - gMFConfigure - 3 - Engine Banks active status is: true
2022-03-30T15:14:46 - gMFConfigure - 3 - Channel TPGDR active status is: true
2022-03-30T15:14:46 - gMFConfigure - 2 - Getting General Parameters......
2022-03-30T15:14:46 - gMFConfigure - 2 - Getting channel paramerters......
2022-03-30T15:14:46 - gMFConfigure - 3 - Engine Default active status is: false
2022-03-30T15:14:46 - gMFConfigure - 3 - Engine Ageing active status is: false
2022-03-30T15:14:46 - gMFConfigure - 3 - Engine Banks active status is: true
2022-03-30T15:16:02 - gMFConfigure - 3 - Channel TPGDR active status is: true
2022-03-30T15:16:02 - gMFConfigure - 2 - Getting General Parameters......
2022-03-30T15:16:02 - gMFConfigure - 2 - Getting channel paramerters......
2022-03-30T15:16:02 - gMFConfigure - 3 - Engine Default active status is: false
2022-03-30T15:16:02 - gMFConfigure - 3 - Engine Ageing active status is: false
2022-03-30T15:16:02 - gMFConfigure - 3 - Engine Banks active status is: true
2022-03-30T15:51:19 - gMFConfigure - 3 - Channel TPGDR active status is: true
2022-03-30T15:51:19 - gMFConfigure - 2 - Getting General Parameters......
2022-03-30T15:51:19 - gMFConfigure - 2 - Getting channel paramerters......
2022-03-30T15:51:19 - gMFConfigure - 3 - Engine Default active status is: false
2022-03-30T15:51:19 - gMFConfigure - 3 - Engine Ageing active status is: false
2022-03-30T15:51:19 - gMFConfigure - 3 - Engine Banks active status is: true
2022-03-30T15:53:55 - gMFConfigure - 3 - Channel TPGDR active status is: true
2022-03-30T15:53:55 - gMFConfigure - 2 - Getting General Parameters......
2022-03-30T15:53:55 - gMFConfigure - 2 - Getting channel paramerters......
2022-03-30T15:53:55 - gMFConfigure - 3 - Engine Default active status is: false
2022-03-30T15:53:55 - gMFConfigure - 3 - Engine Ageing active status is: false
2022-03-30T15:53:55 - gMFConfigure - 3 - Engine Banks active status is: true
2022-03-30T15:57:24 - gMFConfigure - 3 - Channel TPGDR active status is: true
2022-03-30T15:57:24 - gMFConfigure - 2 - Getting General Parameters......
2022-03-30T15:57:24 - gMFConfigure - 2 - Getting channel paramerters......
2022-03-30T15:57:24 - gMFConfigure - 3 - Engine Default active status is: false
2022-03-30T15:57:24 - gMFConfigure - 3 - Engine Ageing active status is: false
2022-03-30T15:57:24 - gMFConfigure - 3 - Engine Banks active status is: true
2022-03-30T15:57:54 - gMFConfigure - 3 - Channel TPGDR active status is: true
2022-03-30T15:57:54 - gMFConfigure - 2 - Getting General Parameters......
2022-03-30T15:57:54 - gMFConfigure - 2 - Getting channel paramerters......
2022-03-30T15:57:54 - gMFConfigure - 3 - Engine Default active status is: false
2022-03-30T15:57:54 - gMFConfigure - 3 - Engine Ageing active status is: false
2022-03-30T15:57:54 - gMFConfigure - 3 - Engine Banks active status is: true
2022-03-31T09:43:07 - gMFConfigure - 3 - Channel TPGDR active status is: true
2022-03-31T09:43:07 - gMFConfigure - 2 - Getting General Parameters......
2022-03-31T09:44:24 - gMFConfigure - 3 - Channel TPGDR active status is: true
2022-03-31T09:44:24 - gMFConfigure - 2 - Getting General Parameters......
2022-03-31T09:44:24 - gMFConfigure - 1 - No general parameters found for channel TPGDR
2022-03-31T09:46:22 - gMFConfigure - 3 - Channel TPGDR active status is: true
2022-03-31T09:46:22 - gMFConfigure - 2 - Getting General Parameters......
2022-03-31T09:46:22 - gMFConfigure - 1 - No general parameters found for channel TPGDR
2022-03-31T09:48:25 - gMFConfigure - 3 - Channel TPGDR active status is: true
2022-03-31T09:48:25 - gMFConfigure - 2 - Getting General Parameters......
2022-03-31T09:48:25 - gMFConfigure - 1 - No general parameters found for channel TPGDR
2022-03-31T09:50:04 - gMFConfigure - 3 - Channel TPGDR active status is: true
2022-03-31T09:50:04 - gMFConfigure - 2 - Getting General Parameters......
2022-03-31T09:50:04 - gMFConfigure - 1 - No general parameters found for channel TPGDR
2022-03-31T09:51:09 - gMFConfigure - 3 - Channel TPGDR active status is: true
2022-03-31T09:51:09 - gMFConfigure - 2 - Getting General Parameters......
2022-03-31T09:51:09 - gMFConfigure - 1 - No general parameters found for channel TPGDR
2022-03-31T09:51:28 - gMFConfigure - 3 - Channel TPGDR active status is: true
2022-03-31T09:51:28 - gMFConfigure - 2 - Getting General Parameters......
2022-03-31T09:51:28 - gMFConfigure - 1 - No general parameters found for channel TPGDR
2022-03-31T09:52:09 - gMFConfigure - 3 - Channel TPGDR active status is: true
2022-03-31T09:52:09 - gMFConfigure - 2 - Getting General Parameters......
2022-03-31T09:52:09 - gMFConfigure - 2 - Getting channel paramerters......
2022-03-31T09:52:09 - gMFConfigure - 3 - Engine Default active status is: false
2022-03-31T09:52:09 - gMFConfigure - 3 - Engine Ageing active status is: false
2022-03-31T09:52:09 - gMFConfigure - 3 - Engine Banks active status is: true
2022-03-31T09:52:58 - gMFConfigure - 3 - Channel TPGDR active status is: true
2022-03-31T09:52:58 - gMFConfigure - 2 - Getting General Parameters......
2022-03-31T09:52:58 - gMFConfigure - 1 - No general parameters found for channel TPGDR
2022-03-31T09:53:24 - gMFConfigure - 3 - Channel TPGDR active status is: true
2022-03-31T09:53:24 - gMFConfigure - 2 - Getting General Parameters......
2022-03-31T09:53:24 - gMFConfigure - 1 - No general parameters found for channel TPGDR
2022-03-31T09:53:40 - gMFConfigure - 3 - Channel TPGDR active status is: true
2022-03-31T09:53:40 - gMFConfigure - 2 - Getting General Parameters......
2022-03-31T09:53:40 - gMFConfigure - 1 - No general parameters found for channel TPGDR
2022-03-31T09:55:19 - gMFConfigure - 3 - Channel TPGDR active status is: true
2022-03-31T09:55:19 - gMFConfigure - 2 - Getting General Parameters......
2022-03-31T09:55:19 - gMFConfigure - 1 - No general parameters found for channel TPGDR
2022-03-31T09:56:12 - gMFConfigure - 3 - Channel TPGDR active status is: true
2022-03-31T09:56:12 - gMFConfigure - 2 - Getting General Parameters......
2022-03-31T09:56:12 - gMFConfigure - 1 - No general parameters found for channel TPGDR
2022-03-31T09:57:28 - gMFConfigure - 3 - Channel TPGDR active status is: true
2022-03-31T09:57:28 - gMFConfigure - 2 - Getting General Parameters......
2022-03-31T09:57:28 - gMFConfigure - 1 - No general parameters found for channel TPGDR
2022-03-31T09:57:34 - gMFConfigure - 3 - Channel TPGDR active status is: true
2022-03-31T09:57:34 - gMFConfigure - 2 - Getting General Parameters......
2022-03-31T09:57:34 - gMFConfigure - 1 - No general parameters found for channel TPGDR
2022-03-31T09:57:52 - gMFConfigure - 3 - Channel TPGDR active status is: true
2022-03-31T09:57:52 - gMFConfigure - 2 - Getting General Parameters......
2022-03-31T09:57:52 - gMFConfigure - 1 - No general parameters found for channel TPGDR
2022-03-31T09:58:12 - gMFConfigure - 3 - Channel TPGDR active status is: true
2022-03-31T09:58:13 - gMFConfigure - 2 - Getting General Parameters......
2022-03-31T09:58:13 - gMFConfigure - 1 - No general parameters found for channel TPGDR
2022-03-31T09:59:41 - gMFConfigure - 3 - Channel TPGDR active status is: true
2022-03-31T09:59:41 - gMFConfigure - 2 - Getting General Parameters......
2022-03-31T09:59:41 - gMFConfigure - 2 - Getting channel paramerters......
2022-03-31T09:59:41 - gMFConfigure - 3 - Engine Default active status is: false
2022-03-31T09:59:41 - gMFConfigure - 3 - Engine Ageing active status is: false
2022-03-31T09:59:41 - gMFConfigure - 3 - Engine Banks active status is: true
2022-04-25T14:37:04 - gMFConfigure - 3 - Channel TPGDR active status is: true
2022-04-25T14:37:04 - gMFConfigure - 2 - Getting General Parameters......
2022-04-25T14:37:04 - gMFConfigure - 2 - Getting channel paramerters......
2022-04-25T14:37:04 - gMFConfigure - 3 - Engine Default active status is: false
2022-04-25T14:37:04 - gMFConfigure - 3 - Engine Ageing active status is: false
2022-04-25T14:37:04 - gMFConfigure - 3 - Engine Banks active status is: true
2022-04-25T14:37:04 - gMFBills - 3 - Channel TPGDR active status is: true
2022-04-25T14:38:17 - gMFConfigure - 3 - Channel TPGDR active status is: true
2022-04-25T14:38:17 - gMFConfigure - 2 - Getting General Parameters......
2022-04-25T14:38:17 - gMFConfigure - 2 - Getting channel paramerters......
2022-04-25T14:38:17 - gMFConfigure - 3 - Engine Default active status is: false
2022-04-25T14:38:17 - gMFConfigure - 3 - Engine Ageing active status is: false
2022-04-25T14:38:17 - gMFConfigure - 3 - Engine Banks active status is: true
2022-04-25T14:38:17 - gMFBills - 3 - Channel TPGDR active status is: true
2022-04-25T14:41:44 - gMFConfigure - 3 - Channel TPGDR active status is: true
2022-04-25T14:41:44 - gMFConfigure - 2 - Getting General Parameters......
2022-04-25T14:41:44 - gMFConfigure - 2 - Getting channel paramerters......
2022-04-25T14:41:44 - gMFConfigure - 3 - Engine Default active status is: false
2022-04-25T14:41:44 - gMFConfigure - 3 - Engine Ageing active status is: false
2022-04-25T14:41:44 - gMFConfigure - 3 - Engine Banks active status is: true
2022-04-25T14:41:44 - gMFBills - 3 - Channel TPGDR active status is: true
2022-04-25T14:42:27 - gMFConfigure - 3 - Channel TPGDR active status is: true
2022-04-25T14:42:27 - gMFConfigure - 2 - Getting General Parameters......
2022-04-25T14:42:27 - gMFConfigure - 2 - Getting channel paramerters......
2022-04-25T14:42:27 - gMFConfigure - 3 - Engine Default active status is: false
2022-04-25T14:42:27 - gMFConfigure - 3 - Engine Ageing active status is: false
2022-04-25T14:42:27 - gMFConfigure - 3 - Engine Banks active status is: true
2022-04-25T14:42:28 - gMFBills - 3 - Channel TPGDR active status is: true
2022-04-25T14:45:53 - gMFConfigure - 3 - Channel TPGDR active status is: true
2022-04-25T14:45:53 - gMFConfigure - 2 - Getting General Parameters......
2022-04-25T14:45:53 - gMFConfigure - 2 - Getting channel paramerters......
2022-04-25T14:45:53 - gMFConfigure - 3 - Engine Default active status is: false
2022-04-25T14:45:53 - gMFConfigure - 3 - Engine Ageing active status is: false
2022-04-25T14:45:53 - gMFConfigure - 3 - Engine Banks active status is: true
2022-04-25T14:45:53 - gMFBills - 3 - Channel TPGDR active status is: true
2022-04-25T14:49:28 - gMFConfigure - 3 - Channel TPGDR active status is: true
2022-04-25T14:49:28 - gMFConfigure - 2 - Getting General Parameters......
2022-04-25T14:49:28 - gMFConfigure - 2 - Getting channel paramerters......
2022-04-25T14:49:28 - gMFConfigure - 3 - Engine Default active status is: false
2022-04-25T14:49:28 - gMFConfigure - 3 - Engine Ageing active status is: false
2022-04-25T14:49:28 - gMFConfigure - 3 - Engine Banks active status is: true
2022-04-25T14:49:28 - gMFBills - 3 - Channel TPGDR active status is: true
2022-04-25T14:50:21 - gMFConfigure - 3 - Channel TPGDR active status is: true
2022-04-25T14:50:21 - gMFConfigure - 2 - Getting General Parameters......
2022-04-25T14:50:21 - gMFConfigure - 2 - Getting channel paramerters......
2022-04-25T14:50:21 - gMFConfigure - 3 - Engine Default active status is: false
2022-04-25T14:50:21 - gMFConfigure - 3 - Engine Ageing active status is: false
2022-04-25T14:50:21 - gMFConfigure - 3 - Engine Banks active status is: true
2022-04-25T14:50:21 - gMFBills - 3 - Channel TPGDR active status is: true
2022-04-25T14:58:20 - gMFConfigure - 3 - Channel TPGDR active status is: true
2022-04-25T14:58:20 - gMFConfigure - 2 - Getting General Parameters......
2022-04-25T14:58:20 - gMFConfigure - 2 - Getting channel paramerters......
2022-04-25T14:58:20 - gMFConfigure - 3 - Engine Default active status is: false
2022-04-25T14:58:20 - gMFConfigure - 3 - Engine Ageing active status is: false
2022-04-25T14:58:20 - gMFConfigure - 3 - Engine Banks active status is: true
2022-04-25T14:58:20 - gMFBills - 3 - Channel TPGDR active status is: true
2022-04-25T14:59:11 - gMFConfigure - 3 - Channel TPGDR active status is: true
2022-04-25T14:59:11 - gMFConfigure - 2 - Getting General Parameters......
2022-04-25T14:59:11 - gMFConfigure - 2 - Getting channel paramerters......
2022-04-25T14:59:11 - gMFConfigure - 3 - Engine Default active status is: false
2022-04-25T14:59:11 - gMFConfigure - 3 - Engine Ageing active status is: false
2022-04-25T14:59:11 - gMFConfigure - 3 - Engine Banks active status is: true
2022-04-25T14:59:12 - gMFBills - 3 - Channel TPGDR active status is: true
2022-04-26T22:18:53 - gMFConfigure - 3 - Channel TPGDR active status is: true
2022-04-26T22:18:53 - gMFConfigure - 2 - Getting General Parameters......
2022-04-26T22:18:53 - gMFConfigure - 1 - No general parameters found for channel TPGDR
2022-04-26T22:18:53 - gMFBills - 3 - Channel TPGDR active status is: true
2022-04-26T22:20:20 - gMFConfigure - 3 - Channel TPGDR active status is: true
2022-04-26T22:20:20 - gMFConfigure - 2 - Getting General Parameters......
2022-04-26T22:20:21 - gMFConfigure - 2 - Getting channel paramerters......
2022-04-26T22:20:21 - gMFConfigure - 3 - Engine Default active status is: false
2022-04-26T22:20:21 - gMFConfigure - 3 - Engine Ageing active status is: false
2022-04-26T22:20:21 - gMFConfigure - 3 - Engine Banks active status is: true
2022-04-26T22:20:21 - gMFBills - 3 - Channel TPGDR active status is: true
2022-04-26T22:33:16 - gMFConfigure - 3 - Channel TPGDR active status is: true
2022-04-26T22:33:16 - gMFConfigure - 2 - Getting General Parameters......
2022-04-26T22:33:17 - gMFConfigure - 2 - Getting channel paramerters......
2022-04-26T22:33:17 - gMFConfigure - 3 - Engine Default active status is: false
2022-04-26T22:33:17 - gMFConfigure - 3 - Engine Ageing active status is: false
2022-04-26T22:33:17 - gMFConfigure - 3 - Engine Banks active status is: true
2022-04-26T22:33:17 - gMFBills - 3 - Channel TPGDR active status is: true
2022-04-26T22:34:20 - gMFConfigure - 3 - Channel TPGDR active status is: true
2022-04-26T22:34:20 - gMFConfigure - 2 - Getting General Parameters......
2022-04-26T22:34:20 - gMFConfigure - 2 - Getting channel paramerters......
2022-04-26T22:34:20 - gMFConfigure - 3 - Engine Default active status is: false
2022-04-26T22:34:20 - gMFConfigure - 3 - Engine Ageing active status is: false
2022-04-26T22:34:20 - gMFConfigure - 3 - Engine Banks active status is: true
2022-04-26T22:34:20 - gMFBills - 3 - Channel TPGDR active status is: true
2022-04-26T22:37:38 - gMFConfigure - 3 - Channel TPGDR active status is: true
2022-04-26T22:37:38 - gMFConfigure - 2 - Getting General Parameters......
2022-04-26T22:39:59 - gMFConfigure - 3 - Channel TPGDR active status is: true
2022-04-26T22:39:59 - gMFConfigure - 2 - Getting General Parameters......
2022-04-26T22:41:34 - gMFConfigure - 3 - Channel TPGDR active status is: true
2022-04-26T22:41:34 - gMFConfigure - 2 - Getting General Parameters......
2022-04-26T22:43:56 - gMFConfigure - 3 - Channel TPGDR active status is: true
2022-04-26T22:43:56 - gMFConfigure - 2 - Getting General Parameters......
2022-04-26T22:45:31 - gMFConfigure - 3 - Channel TPGDR active status is: true
2022-04-26T22:45:31 - gMFConfigure - 2 - Getting General Parameters......
2022-04-26T22:45:32 - gMFConfigure - 2 - Getting channel paramerters......
2022-04-26T22:45:32 - gMFConfigure - 3 - Engine Default active status is: false
2022-04-26T22:45:32 - gMFConfigure - 3 - Engine Ageing active status is: false
2022-04-26T22:45:32 - gMFConfigure - 3 - Engine Banks active status is: true
2022-04-26T22:45:32 - gMFBills - 3 - Channel TPGDR active status is: true
2022-04-26T22:49:15 - gMFConfigure - 3 - Channel TPGDR active status is: true
2022-04-26T22:49:15 - gMFConfigure - 2 - Getting General Parameters......
2022-04-26T22:49:15 - gMFConfigure - 2 - Getting channel paramerters......
2022-04-26T22:49:15 - gMFConfigure - 3 - Engine Default active status is: false
2022-04-26T22:49:15 - gMFConfigure - 3 - Engine Ageing active status is: false
2022-04-26T22:49:15 - gMFConfigure - 3 - Engine Banks active status is: true
2022-04-26T22:49:16 - gMFBills - 3 - Channel TPGDR active status is: true
2022-04-26T22:55:14 - gMFConfigure - 3 - Channel TPGDR active status is: true
2022-04-26T22:55:14 - gMFConfigure - 2 - Getting General Parameters......
2022-04-26T22:55:16 - gMFConfigure - 2 - Getting channel paramerters......
2022-04-26T22:55:16 - gMFConfigure - 3 - Engine Default active status is: false
2022-04-26T22:55:16 - gMFConfigure - 3 - Engine Ageing active status is: false
2022-04-26T22:55:16 - gMFConfigure - 3 - Engine Banks active status is: true
2022-04-26T22:55:17 - gMFBills - 3 - Channel TPGDR active status is: true
2022-04-26T22:56:54 - gMFConfigure - 3 - Channel TPGDR active status is: true
2022-04-26T22:56:54 - gMFConfigure - 2 - Getting General Parameters......
2022-04-26T22:56:54 - gMFConfigure - 2 - Getting channel paramerters......
2022-04-26T22:56:54 - gMFConfigure - 3 - Engine Default active status is: false
2022-04-26T22:56:54 - gMFConfigure - 3 - Engine Ageing active status is: false
2022-04-26T22:56:54 - gMFConfigure - 3 - Engine Banks active status is: true
2022-04-26T22:56:55 - gMFBills - 3 - Channel TPGDR active status is: true
2022-04-26T22:57:45 - gMFConfigure - 3 - Channel TPGDR active status is: true
2022-04-26T22:57:45 - gMFConfigure - 2 - Getting General Parameters......
2022-04-26T22:57:45 - gMFConfigure - 2 - Getting channel paramerters......
2022-04-26T22:57:45 - gMFConfigure - 3 - Engine Default active status is: false
2022-04-26T22:57:45 - gMFConfigure - 3 - Engine Ageing active status is: false
2022-04-26T22:57:45 - gMFConfigure - 3 - Engine Banks active status is: true
2022-04-26T22:57:45 - gMFBills - 3 - Channel TPGDR active status is: true
2022-04-26T22:58:14 - gMFConfigure - 3 - Channel TPGDR active status is: true
2022-04-26T22:58:14 - gMFConfigure - 2 - Getting General Parameters......
2022-04-26T22:58:15 - gMFConfigure - 2 - Getting channel paramerters......
2022-04-26T22:58:15 - gMFConfigure - 3 - Engine Default active status is: false
2022-04-26T22:58:15 - gMFConfigure - 3 - Engine Ageing active status is: false
2022-04-26T22:58:15 - gMFConfigure - 3 - Engine Banks active status is: true
2022-04-26T22:58:15 - gMFBills - 3 - Channel TPGDR active status is: true
2022-04-26T23:00:06 - gMFConfigure - 3 - Channel TPGDR active status is: true
2022-04-26T23:00:06 - gMFConfigure - 2 - Getting General Parameters......
2022-04-26T23:00:06 - gMFConfigure - 2 - Getting channel paramerters......
2022-04-26T23:00:06 - gMFConfigure - 3 - Engine Default active status is: false
2022-04-26T23:00:06 - gMFConfigure - 3 - Engine Ageing active status is: false
2022-04-26T23:00:06 - gMFConfigure - 3 - Engine Banks active status is: true
2022-04-26T23:00:06 - gMFBills - 3 - Channel TPGDR active status is: true
2022-04-26T23:05:03 - gMFConfigure - 3 - Channel TPGDR active status is: true
2022-04-26T23:05:03 - gMFConfigure - 2 - Getting General Parameters......
2022-04-26T23:05:04 - gMFConfigure - 2 - Getting channel paramerters......
2022-04-26T23:05:04 - gMFConfigure - 3 - Engine Default active status is: false
2022-04-26T23:05:04 - gMFConfigure - 3 - Engine Ageing active status is: false
2022-04-26T23:05:04 - gMFConfigure - 3 - Engine Banks active status is: true
2022-04-26T23:05:04 - gMFBills - 3 - Channel TPGDR active status is: true
2022-04-26T23:08:19 - gMFConfigure - 3 - Channel TPGDR active status is: true
2022-04-26T23:08:19 - gMFConfigure - 2 - Getting General Parameters......
2022-04-26T23:08:19 - gMFConfigure - 2 - Getting channel paramerters......
2022-04-26T23:08:19 - gMFConfigure - 3 - Engine Default active status is: false
2022-04-26T23:08:19 - gMFConfigure - 3 - Engine Ageing active status is: false
2022-04-26T23:08:19 - gMFConfigure - 3 - Engine Banks active status is: true
2022-04-26T23:08:20 - gMFBills - 3 - Channel TPGDR active status is: true
2022-04-26T23:33:20 - gMFConfigure - 3 - Channel TPGDR active status is: true
2022-04-26T23:33:20 - gMFConfigure - 2 - Getting General Parameters......
2022-04-26T23:33:21 - gMFConfigure - 2 - Getting channel paramerters......
2022-04-26T23:33:21 - gMFConfigure - 3 - Engine Default active status is: false
2022-04-26T23:33:21 - gMFConfigure - 3 - Engine Ageing active status is: false
2022-04-26T23:33:21 - gMFConfigure - 3 - Engine Banks active status is: true
2022-04-26T23:33:21 - gMFBills - 3 - Channel TPGDR active status is: true
2022-08-13T10:29:45 - gMFConfigure - 3 - Channel TPGDR active status is: true
2022-08-13T10:29:45 - gMFConfigure - 2 - Getting General Parameters......
2022-08-13T10:29:45 - gMFConfigure - 2 - Getting channel paramerters......
2022-08-13T10:29:45 - gMFConfigure - 3 - Engine Default active status is: false
2022-08-13T10:29:45 - gMFConfigure - 3 - Engine Ageing active status is: false
2022-08-13T10:29:45 - gMFConfigure - 3 - Engine Banks active status is: true
2022-08-13T10:29:45 - gMFBills - 3 - Channel TPGDR active status is: true
2022-08-13T10:52:16 - gMFConfigure - 3 - Channel TPGDR active status is: true
2022-08-13T10:52:16 - gMFConfigure - 2 - Getting General Parameters......
2022-08-13T10:52:16 - gMFConfigure - 2 - Getting channel paramerters......
2022-08-13T10:52:16 - gMFConfigure - 3 - Engine Default active status is: false
2022-08-13T10:52:16 - gMFConfigure - 3 - Engine Ageing active status is: false
2022-08-13T10:52:16 - gMFConfigure - 3 - Engine Banks active status is: true
2022-08-13T11:11:10 - gMFConfigure - 3 - Channel TPGDR active status is: true
2022-08-13T11:11:10 - gMFConfigure - 2 - Getting General Parameters......
2022-08-13T11:11:10 - gMFConfigure - 2 - Getting channel paramerters......
2022-08-13T11:11:10 - gMFConfigure - 3 - Engine Default active status is: false
2022-08-13T11:11:10 - gMFConfigure - 3 - Engine Ageing active status is: false
2022-08-13T11:11:10 - gMFConfigure - 3 - Engine Banks active status is: true
2022-08-13T11:19:40 - gMFConfigure - 3 - Channel TPGDR active status is: true
2022-08-13T11:19:40 - gMFConfigure - 2 - Getting General Parameters......
2022-08-13T11:19:40 - gMFConfigure - 2 - Getting channel paramerters......
2022-08-13T11:19:40 - gMFConfigure - 3 - Engine Default active status is: false
2022-08-13T11:19:40 - gMFConfigure - 3 - Engine Ageing active status is: false
2022-08-13T11:19:40 - gMFConfigure - 3 - Engine Banks active status is: true
2022-08-13T11:21:40 - gMFConfigure - 3 - Channel TPGDR active status is: true
2022-08-13T11:21:40 - gMFConfigure - 2 - Getting General Parameters......
2022-08-13T11:21:40 - gMFConfigure - 2 - Getting channel paramerters......
2022-08-13T11:21:40 - gMFConfigure - 3 - Engine Default active status is: false
2022-08-13T11:21:40 - gMFConfigure - 3 - Engine Ageing active status is: false
2022-08-13T11:21:40 - gMFConfigure - 3 - Engine Banks active status is: true
2022-08-13T12:14:17 - gMFConfigure - 3 - Channel TPGDR active status is: true
2022-08-13T12:14:17 - gMFConfigure - 2 - Getting General Parameters......
2022-08-13T12:14:17 - gMFConfigure - 2 - Getting channel paramerters......
2022-08-13T12:14:17 - gMFConfigure - 3 - Engine Default active status is: false
2022-08-13T12:14:17 - gMFConfigure - 3 - Engine Ageing active status is: false
2022-08-13T12:14:17 - gMFConfigure - 3 - Engine Banks active status is: true
2022-08-13T12:16:37 - gMFConfigure - 3 - Channel TPGDR active status is: true
2022-08-13T12:16:37 - gMFConfigure - 2 - Getting General Parameters......
2022-08-13T12:16:37 - gMFConfigure - 2 - Getting channel paramerters......
2022-08-13T12:16:37 - gMFConfigure - 3 - Engine Default active status is: false
2022-08-13T12:16:37 - gMFConfigure - 3 - Engine Ageing active status is: false
2022-08-13T12:16:37 - gMFConfigure - 3 - Engine Banks active status is: true
2022-08-13T12:20:42 - gMFConfigure - 3 - Channel TPGDR active status is: true
2022-08-13T12:20:42 - gMFConfigure - 2 - Getting General Parameters......
2022-08-13T12:20:42 - gMFConfigure - 2 - Getting channel paramerters......
2022-08-13T12:20:42 - gMFConfigure - 3 - Engine Default active status is: false
2022-08-13T12:20:42 - gMFConfigure - 3 - Engine Ageing active status is: false
2022-08-13T12:20:42 - gMFConfigure - 3 - Engine Banks active status is: true
2022-08-13T12:21:53 - gMFConfigure - 3 - Channel TPGDR active status is: true
2022-08-13T12:21:53 - gMFConfigure - 2 - Getting General Parameters......
2022-08-13T12:21:54 - gMFConfigure - 2 - Getting channel paramerters......
2022-08-13T12:21:54 - gMFConfigure - 3 - Engine Default active status is: false
2022-08-13T12:21:54 - gMFConfigure - 3 - Engine Ageing active status is: false
2022-08-13T12:21:54 - gMFConfigure - 3 - Engine Banks active status is: true
2022-08-13T12:31:54 - gMFConfigure - 3 - Channel TPGDR active status is: true
2022-08-13T12:31:54 - gMFConfigure - 2 - Getting General Parameters......
2022-08-13T12:31:54 - gMFConfigure - 3 - 
2022-08-13T12:31:54 - gMFConfigure - 2 - Getting channel paramerters......
2022-08-13T12:31:54 - gMFConfigure - 3 - Engine Default active status is: false
2022-08-13T12:31:54 - gMFConfigure - 3 - Engine Ageing active status is: false
2022-08-13T12:31:54 - gMFConfigure - 3 - Engine Banks active status is: true
2022-08-13T12:33:26 - gMFConfigure - 3 - Channel TPGDR active status is: true
2022-08-13T12:33:26 - gMFConfigure - 2 - Getting General Parameters......
2022-08-13T12:33:26 - gMFConfigure - 3 - 
2022-08-13T12:33:26 - gMFConfigure - 2 - Getting channel paramerters......
2022-08-13T12:33:26 - gMFConfigure - 3 - Engine Default active status is: false
2022-08-13T12:33:26 - gMFConfigure - 3 - Engine Ageing active status is: false
2022-08-13T12:33:26 - gMFConfigure - 3 - Engine Banks active status is: true
2022-08-13T12:33:26 - gMFBills - 3 - Channel TPGDR active status is: true
2022-08-13T12:46:52 - gMFConfigure - 3 - Channel TPGDR active status is: true
2022-08-13T12:46:52 - gMFConfigure - 2 - Getting General Parameters......
2022-08-13T12:46:53 - gMFConfigure - 3 - 
2022-08-13T12:46:53 - gMFConfigure - 2 - Getting channel paramerters......
2022-08-13T12:46:53 - gMFConfigure - 3 - Engine Default active status is: false
2022-08-13T12:46:53 - gMFConfigure - 3 - Engine Ageing active status is: false
2022-08-13T12:46:53 - gMFConfigure - 3 - Engine Banks active status is: true
2022-08-13T12:46:53 - gMFBills - 3 - Channel TPGDR active status is: true
2022-08-13T12:46:53 - gMFBills - 2 - Getting monthly bills for channel TPGDR
2022-08-13T12:59:29 - gMFConfigure - 3 - Channel TPGDR active status is: true
2022-08-13T12:59:29 - gMFConfigure - 2 - Getting General Parameters......
2022-08-13T12:59:29 - gMFConfigure - 3 - 
2022-08-13T12:59:29 - gMFConfigure - 2 - Getting channel paramerters......
2022-08-13T12:59:29 - gMFConfigure - 3 - Engine Default active status is: false
2022-08-13T12:59:29 - gMFConfigure - 3 - Engine Ageing active status is: true
2022-08-13T12:59:29 - gMFConfigure - 3 - Engine Banks active status is: false
2022-08-13T13:35:38 - gMFConfigure - 3 - Channel TPGDR active status is: true
2022-08-13T13:35:38 - gMFConfigure - 2 - Getting General Parameters......
2022-08-13T13:35:38 - gMFConfigure - 3 - 
2022-08-13T13:35:38 - gMFConfigure - 2 - Getting channel paramerters......
2022-08-13T13:35:38 - gMFConfigure - 3 - Engine Default active status is: false
2022-08-13T13:35:38 - gMFConfigure - 3 - Engine Ageing active status is: true
2022-08-13T13:35:38 - gMFConfigure - 3 - Engine Banks active status is: false
2022-08-13T13:40:01 - gMFConfigure - 3 - Channel TPGDR active status is: true
2022-08-13T13:40:01 - gMFConfigure - 2 - Getting General Parameters......
2022-08-13T13:40:01 - gMFConfigure - 3 - null
2022-08-13T13:40:01 - gMFConfigure - 2 - Getting channel paramerters......
2022-08-13T13:40:01 - gMFConfigure - 3 - Engine Default active status is: false
2022-08-13T13:40:01 - gMFConfigure - 3 - Engine Ageing active status is: true
2022-08-13T13:40:01 - gMFConfigure - 3 - Engine Banks active status is: false
2022-08-13T13:40:58 - gMFConfigure - 3 - Channel TPGDR active status is: true
2022-08-13T13:40:58 - gMFConfigure - 2 - Getting General Parameters......
2022-08-13T13:40:58 - gMFConfigure - 3 - {"CollectorSchedulerDays":{"display_name":"Collector Scheduler Days","param_value":"90"},"GCSInActivityFee":{"display_name":"GCS Inactivity Fee","param_value":"0"},"InactivityDays":{"display_name":"No of days aft whh inactivity fee applied","param_value":"35"},"CustomerMonthlyFee":{"display_name":"Customer Monthly Fee","param_value":"30"},"pools":{"size":5,"db_profile":"pools_db"},"by_subscribers":0,"bulk_size":100}
2022-08-13T13:40:58 - gMFConfigure - 2 - Getting channel paramerters......
2022-08-13T13:40:58 - gMFConfigure - 3 - Engine Default active status is: false
2022-08-13T13:40:58 - gMFConfigure - 3 - Engine Ageing active status is: true
2022-08-13T13:40:58 - gMFConfigure - 3 - Engine Banks active status is: false
2022-08-13T13:46:06 - gMFConfigure - 3 - Channel TPGDR active status is: true
2022-08-13T13:46:06 - gMFConfigure - 2 - Getting General Parameters......
2022-08-13T13:46:06 - gMFConfigure - 3 - {"CollectorSchedulerDays":{"display_name":"Collector Scheduler Days","param_value":"90"},"GCSInActivityFee":{"display_name":"GCS Inactivity Fee","param_value":"0"},"InactivityDays":{"display_name":"No of days aft whh inactivity fee applied","param_value":"35"},"CustomerMonthlyFee":{"display_name":"Customer Monthly Fee","param_value":"30"},"pools":{"size":5,"db_profile":"pools_db"},"by_subscribers":0,"bulk_size":100}
2022-08-13T13:46:06 - gMFConfigure - 2 - Getting channel paramerters......
2022-08-13T13:46:06 - gMFConfigure - 3 - Engine Default active status is: false
2022-08-13T13:46:06 - gMFConfigure - 3 - Engine Ageing active status is: true
2022-08-13T13:46:06 - gMFConfigure - 3 - Engine Banks active status is: false
2022-08-13T13:46:06 - gMFConfigure - 3 - {"engineName":"Ageing","engineConf":{"active":true,"queues":{"1":{"bot_days":0,"top_days":30},"2":{"bot_days":31,"top_days":60},"3":{"bot_days":61,"top_days":90}}}}
